<?xml version="1.0" encoding="UTF-8"?>
<!-- Generated by org.testng.reporters.JUnitXMLReporter -->
<testsuite hostname="T460" ignored="0" name="Regression of New  Bookings" tests="9" failures="0" timestamp="01 Aug 2021 09:20:16 GMT" time="11.083" errors="0">
  <testcase name="getListOfBooking" time="1.184" classname="testcases.TestCasesNewBooking"/>
  <testcase name="createBooking" time="1.278" classname="testcases.TestCasesNewBooking"/>
  <testcase name="getLastCreatedBookingById" time="1.291" classname="testcases.TestCasesNewBooking"/>
  <testcase name="generateToken" time="1.179" classname="testcases.TestCasesNewBooking"/>
  <testcase name="updateLastCreatedBooking" time="1.262" classname="testcases.TestCasesNewBooking"/>
  <testcase name="getLastUpdatedBooking" time="1.198" classname="testcases.TestCasesNewBooking"/>
  <testcase name="patchLastUpdatedBooking" time="1.317" classname="testcases.TestCasesNewBooking"/>
  <testcase name="deleteLastCreatedBooking" time="1.153" classname="testcases.TestCasesNewBooking"/>
  <testcase name="getLastDeletedBooking" time="1.186" classname="testcases.TestCasesNewBooking"/>
</testsuite> <!-- Regression of New  Bookings -->
