<?xml version="1.0" encoding="UTF-8"?>
<!-- Generated by org.testng.reporters.JUnitXMLReporter -->
<testsuite hostname="T460" ignored="0" name="Regression of Existing Bookings" tests="9" failures="0" timestamp="01 Aug 2021 10:45:57 GMT" time="17.905" errors="0">
  <testcase name="getListOfBooking" time="5.391" classname="testcases.TestCasesExistingBooking"/>
  <testcase name="getExistingBookingById" time="1.321" classname="testcases.TestCasesExistingBooking"/>
  <testcase name="updateExistingBookingWithoutToken" time="1.937" classname="testcases.TestCasesExistingBooking"/>
  <testcase name="patchExistingBookingWithoutToken" time="1.526" classname="testcases.TestCasesExistingBooking"/>
  <testcase name="generateToken" time="2.158" classname="testcases.TestCasesExistingBooking"/>
  <testcase name="updateExistingBooking" time="1.592" classname="testcases.TestCasesExistingBooking"/>
  <testcase name="getLastUpdatedExistingBooking" time="1.273" classname="testcases.TestCasesExistingBooking"/>
  <testcase name="patchLastUpdatedExistingBooking" time="1.376" classname="testcases.TestCasesExistingBooking"/>
  <testcase name="deleteExistingBooking" time="1.249" classname="testcases.TestCasesExistingBooking"/>
</testsuite> <!-- Regression of Existing Bookings -->
