<?xml version="1.0" encoding="UTF-8"?>
<!-- Generated by org.testng.reporters.JUnitXMLReporter -->
<testsuite hostname="T460" ignored="0" name="Regression of New  Bookings" tests="9" failures="0" timestamp="01 Aug 2021 10:46:08 GMT" time="11.689" errors="0">
  <testcase name="getListOfBooking" time="1.25" classname="testcases.TestCasesNewBooking"/>
  <testcase name="createBooking" time="1.368" classname="testcases.TestCasesNewBooking"/>
  <testcase name="getLastCreatedBookingById" time="1.317" classname="testcases.TestCasesNewBooking"/>
  <testcase name="generateToken" time="1.188" classname="testcases.TestCasesNewBooking"/>
  <testcase name="updateLastCreatedBooking" time="1.218" classname="testcases.TestCasesNewBooking"/>
  <testcase name="getLastUpdatedBooking" time="1.343" classname="testcases.TestCasesNewBooking"/>
  <testcase name="patchLastUpdatedBooking" time="1.35" classname="testcases.TestCasesNewBooking"/>
  <testcase name="deleteLastCreatedBooking" time="1.286" classname="testcases.TestCasesNewBooking"/>
  <testcase name="getLastDeletedBooking" time="1.334" classname="testcases.TestCasesNewBooking"/>
</testsuite> <!-- Regression of New  Bookings -->
