<?xml version="1.0" encoding="UTF-8"?>
<!-- Generated by org.testng.reporters.JUnitXMLReporter -->
<testsuite hostname="T460" ignored="0" name="Regression of Existing Bookings" tests="9" failures="0" timestamp="01 Aug 2021 08:57:43 GMT" time="16.775" errors="0">
  <testcase name="getListOfBooking" time="3.999" classname="testcases.TestCasesExistingBooking"/>
  <testcase name="getExistingBookingById" time="1.301" classname="testcases.TestCasesExistingBooking"/>
  <testcase name="updateExistingBookingWithoutToken" time="1.779" classname="testcases.TestCasesExistingBooking"/>
  <testcase name="patchExistingBookingWithoutToken" time="1.529" classname="testcases.TestCasesExistingBooking"/>
  <testcase name="generateToken" time="3.009" classname="testcases.TestCasesExistingBooking"/>
  <testcase name="updateExistingBooking" time="1.313" classname="testcases.TestCasesExistingBooking"/>
  <testcase name="getLastUpdatedExistingBooking" time="1.286" classname="testcases.TestCasesExistingBooking"/>
  <testcase name="patchLastUpdatedExistingBooking" time="1.274" classname="testcases.TestCasesExistingBooking"/>
  <testcase name="deleteExistingBooking" time="1.185" classname="testcases.TestCasesExistingBooking"/>
</testsuite> <!-- Regression of Existing Bookings -->
